/usr/local/lib/python3.8/dist-packages/setuptools/dist.py:717: UserWarning: Usage of dash-separated 'script-dir' will not be supported in future versions. Please use the underscore name 'script_dir' instead
  warnings.warn(
running develop
running egg_info
creating my_robomaster.egg-info
writing my_robomaster.egg-info/PKG-INFO
writing dependency_links to my_robomaster.egg-info/dependency_links.txt
writing entry points to my_robomaster.egg-info/entry_points.txt
writing requirements to my_robomaster.egg-info/requires.txt
writing top-level names to my_robomaster.egg-info/top_level.txt
writing manifest file 'my_robomaster.egg-info/SOURCES.txt'
reading manifest file 'my_robomaster.egg-info/SOURCES.txt'
writing manifest file 'my_robomaster.egg-info/SOURCES.txt'
running build_ext
Creating /root/robomaster_project/ros2_ws/install/my_robomaster/lib/python3.8/site-packages/my-robomaster.egg-link (link to .)

Installed /root/robomaster_project/ros2_ws/build/my_robomaster
running install_data
creating /root/robomaster_project/ros2_ws/install/my_robomaster/share/ament_index
creating /root/robomaster_project/ros2_ws/install/my_robomaster/share/ament_index/resource_index
creating /root/robomaster_project/ros2_ws/install/my_robomaster/share/ament_index/resource_index/packages
copying resource/my_robomaster -> /root/robomaster_project/ros2_ws/install/my_robomaster/share/ament_index/resource_index/packages
copying package.xml -> /root/robomaster_project/ros2_ws/install/my_robomaster/share/my_robomaster
