[0.429s] Invoking command in '/root/robomaster_project/ros2_ws/build/my_robomaster': PYTHONPATH=/root/robomaster_project/ros2_ws/build/my_robomaster/prefix_override:/root/robomaster_project/ros2_ws/install/my_robomaster/lib/python3.8/site-packages:${PYTHONPATH} /usr/bin/python3 setup.py develop --editable --build-directory /root/robomaster_project/ros2_ws/build/my_robomaster/build --no-deps install_data
[0.565s] /usr/local/lib/python3.8/dist-packages/setuptools/dist.py:717: UserWarning: Usage of dash-separated 'script-dir' will not be supported in future versions. Please use the underscore name 'script_dir' instead
[0.565s]   warnings.warn(
[0.595s] running develop
[0.660s] running egg_info
[0.660s] creating my_robomaster.egg-info
[0.660s] writing my_robomaster.egg-info/PKG-INFO
[0.660s] writing dependency_links to my_robomaster.egg-info/dependency_links.txt
[0.660s] writing entry points to my_robomaster.egg-info/entry_points.txt
[0.660s] writing requirements to my_robomaster.egg-info/requires.txt
[0.661s] writing top-level names to my_robomaster.egg-info/top_level.txt
[0.662s] writing manifest file 'my_robomaster.egg-info/SOURCES.txt'
[0.663s] reading manifest file 'my_robomaster.egg-info/SOURCES.txt'
[0.663s] writing manifest file 'my_robomaster.egg-info/SOURCES.txt'
[0.686s] running build_ext
[0.687s] Creating /root/robomaster_project/ros2_ws/install/my_robomaster/lib/python3.8/site-packages/my-robomaster.egg-link (link to .)
[0.687s] 
[0.687s] Installed /root/robomaster_project/ros2_ws/build/my_robomaster
[0.687s] running install_data
[0.687s] creating /root/robomaster_project/ros2_ws/install/my_robomaster/share/ament_index
[0.687s] creating /root/robomaster_project/ros2_ws/install/my_robomaster/share/ament_index/resource_index
[0.687s] creating /root/robomaster_project/ros2_ws/install/my_robomaster/share/ament_index/resource_index/packages
[0.687s] copying resource/my_robomaster -> /root/robomaster_project/ros2_ws/install/my_robomaster/share/ament_index/resource_index/packages
[0.687s] copying package.xml -> /root/robomaster_project/ros2_ws/install/my_robomaster/share/my_robomaster
[0.707s] Invoked command in '/root/robomaster_project/ros2_ws/build/my_robomaster' returned '0': PYTHONPATH=/root/robomaster_project/ros2_ws/build/my_robomaster/prefix_override:/root/robomaster_project/ros2_ws/install/my_robomaster/lib/python3.8/site-packages:${PYTHONPATH} /usr/bin/python3 setup.py develop --editable --build-directory /root/robomaster_project/ros2_ws/build/my_robomaster/build --no-deps install_data
